<?xml version="1.0" encoding="UTF-8"?>
<!-- Generated by org.testng.reporters.JUnitXMLReporter -->
<testsuite hostname="Sankaranarayanans-MacBook-Pro.local" name="PHP Travels Automation Test" tests="14" failures="2" timestamp="7 Nov 2019 17:29:45 GMT" time="701.75" errors="0">
  <testcase name="verifyHomePageLinks" time="325.699" classname="com.phptravels.qa.testCases.HomePageTest">
    <failure type="java.lang.AssertionError" message="Some of the links in Home Page are not working expected [0] but found [4]">
      <![CDATA[java.lang.AssertionError: Some of the links in Home Page are not working expected [0] but found [4]
	at com.phptravels.qa.testCases.HomePageTest.verifyHomePageLinks(HomePageTest.java:48)
... Removed 28 stack frames]]>
    </failure>
  </testcase> <!-- verifyHomePageLinks -->
  <testcase name="verifyHomePageTitle" time="0.008" classname="com.phptravels.qa.testCases.HomePageTest"/>
  <testcase name="verifyHomePageTitle" time="0.006" classname="com.phptravels.qa.testCases.HomePageTest"/>
  <testcase name="verifyHomePageLogoDisplayed" time="0.002" classname="com.phptravels.qa.testCases.HomePageTest">
    <failure type="java.lang.AssertionError" message="expected [true] but found [false]">
      <![CDATA[java.lang.AssertionError: expected [true] but found [false]
	at com.phptravels.qa.testCases.HomePageTest.verifyHomePageLogoDisplayed(HomePageTest.java:70)
... Removed 28 stack frames]]>
    </failure>
  </testcase> <!-- verifyHomePageLogoDisplayed -->
  <testcase name="verifyLoginLink" time="3.482" classname="com.phptravels.qa.testCases.HomePageTest"/>
  <testcase name="verifySignUpLink" time="4.836" classname="com.phptravels.qa.testCases.HomePageTest"/>
  <testcase name="verifySearchHotelTest" time="14.536" classname="com.phptravels.qa.testCases.HomePageTest"/>
  <testcase name="verifyLoginPageTitle" time="0.007" classname="com.phptravels.qa.testCases.LoginPageTest"/>
  <testcase name="verifyLoginPageTitle" time="0.006" classname="com.phptravels.qa.testCases.LoginPageTest"/>
  <testcase name="verifyLoginWithoutRemeberMe" time="0.31" classname="com.phptravels.qa.testCases.LoginPageTest"/>
  <testcase name="verifyLoginWithoutRemeberMe" time="0.315" classname="com.phptravels.qa.testCases.LoginPageTest"/>
  <testcase name="verifyLoginWithRemeberMe" time="0.374" classname="com.phptravels.qa.testCases.LoginPageTest"/>
  <testcase name="verifyLoginWithRemeberMe" time="0.39" classname="com.phptravels.qa.testCases.LoginPageTest"/>
  <testcase name="verifyLoginWithRemeberMe" time="0.357" classname="com.phptravels.qa.testCases.LoginPageTest"/>
</testsuite> <!-- PHP Travels Automation Test -->
