<html>
<head>
<title>TestNG:  PHP Travels Automation Test</title>
<link href="../testng.css" rel="stylesheet" type="text/css" />
<link href="../my-testng.css" rel="stylesheet" type="text/css" />

<style type="text/css">
.log { display: none;} 
.stack-trace { display: none;} 
</style>
<script type="text/javascript">
<!--
function flip(e) {
  current = e.style.display;
  if (current == 'block') {
    e.style.display = 'none';
    return 0;
  }
  else {
    e.style.display = 'block';
    return 1;
  }
}

function toggleBox(szDivId, elem, msg1, msg2)
{
  var res = -1;  if (document.getElementById) {
    res = flip(document.getElementById(szDivId));
  }
  else if (document.all) {
    // this is the way old msie versions work
    res = flip(document.all[szDivId]);
  }
  if(elem) {
    if(res == 0) elem.innerHTML = msg1; else elem.innerHTML = msg2;
  }

}

function toggleAllBoxes() {
  if (document.getElementsByTagName) {
    d = document.getElementsByTagName('div');
    for (i = 0; i < d.length; i++) {
      if (d[i].className == 'log') {
        flip(d[i]);
      }
    }
  }
}

// -->
</script>

</head>
<body>
<h2 align='center'>PHP Travels Automation Test</h2><table border='1' align="center">
<tr>
<td>Tests passed/Failed/Skipped:</td><td>12/2/0</td>
</tr><tr>
<td>Started on:</td><td>Thu Nov 07 09:18:03 PST 2019</td>
</tr>
<tr><td>Total time:</td><td>701 seconds (701750 ms)</td>
</tr><tr>
<td>Included groups:</td><td></td>
</tr><tr>
<td>Excluded groups:</td><td></td>
</tr>
</table><p/>
<small><i>(Hover the method name to see the test class name)</i></small><p/>
<table width='100%' border='1' class='invocation-failed'>
<tr><td colspan='4' align='center'><b>FAILED TESTS</b></td></tr>
<tr><td><b>Test method</b></td>
<td width="30%"><b>Exception</b></td>
<td width="10%"><b>Time (seconds)</b></td>
<td><b>Instance</b></td>
</tr>
<tr>
<td title='com.phptravels.qa.testCases.HomePageTest.verifyHomePageLinks()'><b>verifyHomePageLinks</b><br>Test class: com.phptravels.qa.testCases.HomePageTest</td>
<td><div><pre>java.lang.AssertionError: Some of the links in Home Page are not working expected [0] but found [4]
	at com.phptravels.qa.testCases.HomePageTest.verifyHomePageLinks(HomePageTest.java:48)
... Removed 28 stack frames</pre></div><a href='#' onClick='toggleBox("stack-trace1692885405", this, "Click to show all stack frames", "Click to hide stack frames")'>Click to show all stack frames</a>
<div class='stack-trace' id='stack-trace1692885405'><pre>java.lang.AssertionError: Some of the links in Home Page are not working expected [0] but found [4]
	at org.testng.Assert.fail(Assert.java:94)
	at org.testng.Assert.failNotEquals(Assert.java:494)
	at org.testng.Assert.assertEquals(Assert.java:123)
	at org.testng.Assert.assertEquals(Assert.java:370)
	at com.phptravels.qa.testCases.HomePageTest.verifyHomePageLinks(HomePageTest.java:48)
	at sun.reflect.NativeMethodAccessorImpl.invoke0(Native Method)
	at sun.reflect.NativeMethodAccessorImpl.invoke(NativeMethodAccessorImpl.java:62)
	at sun.reflect.DelegatingMethodAccessorImpl.invoke(DelegatingMethodAccessorImpl.java:43)
	at java.lang.reflect.Method.invoke(Method.java:498)
	at org.testng.internal.MethodInvocationHelper.invokeMethod(MethodInvocationHelper.java:80)
	at org.testng.internal.Invoker.invokeMethod(Invoker.java:714)
	at org.testng.internal.Invoker.invokeTestMethod(Invoker.java:901)
	at org.testng.internal.Invoker.invokeTestMethods(Invoker.java:1231)
	at org.testng.internal.TestMethodWorker.invokeTestMethods(TestMethodWorker.java:127)
	at org.testng.internal.TestMethodWorker.run(TestMethodWorker.java:111)
	at org.testng.TestRunner.privateRun(TestRunner.java:767)
	at org.testng.TestRunner.run(TestRunner.java:617)
	at org.testng.SuiteRunner.runTest(SuiteRunner.java:334)
	at org.testng.SuiteRunner.runSequentially(SuiteRunner.java:329)
	at org.testng.SuiteRunner.privateRun(SuiteRunner.java:291)
	at org.testng.SuiteRunner.run(SuiteRunner.java:240)
	at org.testng.SuiteRunnerWorker.runSuite(SuiteRunnerWorker.java:52)
	at org.testng.SuiteRunnerWorker.run(SuiteRunnerWorker.java:86)
	at org.testng.TestNG.runSuitesSequentially(TestNG.java:1198)
	at org.testng.TestNG.runSuitesLocally(TestNG.java:1123)
	at org.testng.TestNG.run(TestNG.java:1031)
	at org.testng.remote.AbstractRemoteTestNG.run(AbstractRemoteTestNG.java:114)
	at org.testng.remote.RemoteTestNG.initAndRun(RemoteTestNG.java:251)
	at org.testng.remote.RemoteTestNG.main(RemoteTestNG.java:77)
</pre></div></td>
<td>325</td>
<td>com.phptravels.qa.testCases.HomePageTest@47c62251</td></tr>
<tr>
<td title='com.phptravels.qa.testCases.HomePageTest.verifyHomePageLogoDisplayed()'><b>verifyHomePageLogoDisplayed</b><br>Test class: com.phptravels.qa.testCases.HomePageTest</td>
<td><div><pre>java.lang.AssertionError: expected [true] but found [false]
	at com.phptravels.qa.testCases.HomePageTest.verifyHomePageLogoDisplayed(HomePageTest.java:70)
... Removed 28 stack frames</pre></div><a href='#' onClick='toggleBox("stack-trace173259631", this, "Click to show all stack frames", "Click to hide stack frames")'>Click to show all stack frames</a>
<div class='stack-trace' id='stack-trace173259631'><pre>java.lang.AssertionError: expected [true] but found [false]
	at org.testng.Assert.fail(Assert.java:94)
	at org.testng.Assert.failNotEquals(Assert.java:494)
	at org.testng.Assert.assertTrue(Assert.java:42)
	at org.testng.Assert.assertTrue(Assert.java:52)
	at com.phptravels.qa.testCases.HomePageTest.verifyHomePageLogoDisplayed(HomePageTest.java:70)
	at sun.reflect.NativeMethodAccessorImpl.invoke0(Native Method)
	at sun.reflect.NativeMethodAccessorImpl.invoke(NativeMethodAccessorImpl.java:62)
	at sun.reflect.DelegatingMethodAccessorImpl.invoke(DelegatingMethodAccessorImpl.java:43)
	at java.lang.reflect.Method.invoke(Method.java:498)
	at org.testng.internal.MethodInvocationHelper.invokeMethod(MethodInvocationHelper.java:80)
	at org.testng.internal.Invoker.invokeMethod(Invoker.java:714)
	at org.testng.internal.Invoker.invokeTestMethod(Invoker.java:901)
	at org.testng.internal.Invoker.invokeTestMethods(Invoker.java:1231)
	at org.testng.internal.TestMethodWorker.invokeTestMethods(TestMethodWorker.java:127)
	at org.testng.internal.TestMethodWorker.run(TestMethodWorker.java:111)
	at org.testng.TestRunner.privateRun(TestRunner.java:767)
	at org.testng.TestRunner.run(TestRunner.java:617)
	at org.testng.SuiteRunner.runTest(SuiteRunner.java:334)
	at org.testng.SuiteRunner.runSequentially(SuiteRunner.java:329)
	at org.testng.SuiteRunner.privateRun(SuiteRunner.java:291)
	at org.testng.SuiteRunner.run(SuiteRunner.java:240)
	at org.testng.SuiteRunnerWorker.runSuite(SuiteRunnerWorker.java:52)
	at org.testng.SuiteRunnerWorker.run(SuiteRunnerWorker.java:86)
	at org.testng.TestNG.runSuitesSequentially(TestNG.java:1198)
	at org.testng.TestNG.runSuitesLocally(TestNG.java:1123)
	at org.testng.TestNG.run(TestNG.java:1031)
	at org.testng.remote.AbstractRemoteTestNG.run(AbstractRemoteTestNG.java:114)
	at org.testng.remote.RemoteTestNG.initAndRun(RemoteTestNG.java:251)
	at org.testng.remote.RemoteTestNG.main(RemoteTestNG.java:77)
</pre></div></td>
<td>0</td>
<td>com.phptravels.qa.testCases.HomePageTest@47c62251</td></tr>
</table><p>
<table width='100%' border='1' class='invocation-passed'>
<tr><td colspan='4' align='center'><b>PASSED TESTS</b></td></tr>
<tr><td><b>Test method</b></td>
<td width="30%"><b>Exception</b></td>
<td width="10%"><b>Time (seconds)</b></td>
<td><b>Instance</b></td>
</tr>
<tr>
<td title='com.phptravels.qa.testCases.HomePageTest.verifyHomePageTitle()'><b>verifyHomePageTitle</b><br>Test class: com.phptravels.qa.testCases.HomePageTest</td>
<td></td>
<td>0</td>
<td>com.phptravels.qa.testCases.HomePageTest@47c62251</td></tr>
<tr>
<td title='com.phptravels.qa.testCases.HomePageTest.verifyHomePageTitle()'><b>verifyHomePageTitle</b><br>Test class: com.phptravels.qa.testCases.HomePageTest</td>
<td></td>
<td>0</td>
<td>com.phptravels.qa.testCases.HomePageTest@47c62251</td></tr>
<tr>
<td title='com.phptravels.qa.testCases.HomePageTest.verifyLoginLink()'><b>verifyLoginLink</b><br>Test class: com.phptravels.qa.testCases.HomePageTest</td>
<td></td>
<td>3</td>
<td>com.phptravels.qa.testCases.HomePageTest@47c62251</td></tr>
<tr>
<td title='com.phptravels.qa.testCases.LoginPageTest.verifyLoginPageTitle()'><b>verifyLoginPageTitle</b><br>Test class: com.phptravels.qa.testCases.LoginPageTest</td>
<td></td>
<td>0</td>
<td>com.phptravels.qa.testCases.LoginPageTest@59fa1d9b</td></tr>
<tr>
<td title='com.phptravels.qa.testCases.LoginPageTest.verifyLoginPageTitle()'><b>verifyLoginPageTitle</b><br>Test class: com.phptravels.qa.testCases.LoginPageTest</td>
<td></td>
<td>0</td>
<td>com.phptravels.qa.testCases.LoginPageTest@59fa1d9b</td></tr>
<tr>
<td title='com.phptravels.qa.testCases.LoginPageTest.verifyLoginWithRemeberMe()'><b>verifyLoginWithRemeberMe</b><br>Test class: com.phptravels.qa.testCases.LoginPageTest<br>Parameters: user@phptravels.com, demouser<br/>
<a href="#Output-715602332" onClick='toggleBox("Output-715602332", this, "Show output", "Hide output");'>Show output</a>

<a href="#Output-715602332" onClick="toggleAllBoxes();">Show all outputs</a>
<div class='log' id="Output-715602332">
click on Remeber Me checbox before signing-in<br/>
</div>
</td>
<td></td>
<td>0</td>
<td>com.phptravels.qa.testCases.LoginPageTest@59fa1d9b</td></tr>
<tr>
<td title='com.phptravels.qa.testCases.LoginPageTest.verifyLoginWithRemeberMe()'><b>verifyLoginWithRemeberMe</b><br>Test class: com.phptravels.qa.testCases.LoginPageTest<br>Parameters: invalidUser, demouser<br/>
<a href="#Output-91430202" onClick='toggleBox("Output-91430202", this, "Show output", "Hide output");'>Show output</a>

<a href="#Output-91430202" onClick="toggleAllBoxes();">Show all outputs</a>
<div class='log' id="Output-91430202">
click on Remeber Me checbox before signing-in<br/>
</div>
</td>
<td></td>
<td>0</td>
<td>com.phptravels.qa.testCases.LoginPageTest@59fa1d9b</td></tr>
<tr>
<td title='com.phptravels.qa.testCases.LoginPageTest.verifyLoginWithRemeberMe()'><b>verifyLoginWithRemeberMe</b><br>Test class: com.phptravels.qa.testCases.LoginPageTest<br>Parameters: user@phptravels.com, demouser1<br/>
<a href="#Output-4573619" onClick='toggleBox("Output-4573619", this, "Show output", "Hide output");'>Show output</a>

<a href="#Output-4573619" onClick="toggleAllBoxes();">Show all outputs</a>
<div class='log' id="Output-4573619">
click on Remeber Me checbox before signing-in<br/>
</div>
</td>
<td></td>
<td>0</td>
<td>com.phptravels.qa.testCases.LoginPageTest@59fa1d9b</td></tr>
<tr>
<td title='com.phptravels.qa.testCases.LoginPageTest.verifyLoginWithoutRemeberMe()'><b>verifyLoginWithoutRemeberMe</b><br>Test class: com.phptravels.qa.testCases.LoginPageTest<br>Parameters: user@phptravels.com, demouser</td>
<td></td>
<td>0</td>
<td>com.phptravels.qa.testCases.LoginPageTest@59fa1d9b</td></tr>
<tr>
<td title='com.phptravels.qa.testCases.LoginPageTest.verifyLoginWithoutRemeberMe()'><b>verifyLoginWithoutRemeberMe</b><br>Test class: com.phptravels.qa.testCases.LoginPageTest<br>Parameters: invaliduser@phptravels.com, demouser</td>
<td></td>
<td>0</td>
<td>com.phptravels.qa.testCases.LoginPageTest@59fa1d9b</td></tr>
<tr>
<td title='com.phptravels.qa.testCases.HomePageTest.verifySearchHotelTest()'><b>verifySearchHotelTest</b><br>Test class: com.phptravels.qa.testCases.HomePageTest</td>
<td></td>
<td>14</td>
<td>com.phptravels.qa.testCases.HomePageTest@47c62251</td></tr>
<tr>
<td title='com.phptravels.qa.testCases.HomePageTest.verifySignUpLink()'><b>verifySignUpLink</b><br>Test class: com.phptravels.qa.testCases.HomePageTest</td>
<td></td>
<td>4</td>
<td>com.phptravels.qa.testCases.HomePageTest@47c62251</td></tr>
</table><p>
</body>
</html>