<?xml version="1.0" encoding="UTF-8"?>
<!-- Generated by org.testng.reporters.JUnitXMLReporter -->
<testsuite hostname="Sankaranarayanans-MacBook-Pro.local" name="PHP Travels Automation - Regression Test" tests="1" failures="1" timestamp="7 Nov 2019 18:04:53 GMT" time="266.888" errors="0">
  <testcase name="verifyHomePageLinks" time="250.034" classname="com.phptravels.qa.testCases.HomePageTest">
    <failure type="java.lang.AssertionError" message="Some of the links in Home Page are not working expected [0] but found [4]">
      <![CDATA[java.lang.AssertionError: Some of the links in Home Page are not working expected [0] but found [4]
	at com.phptravels.qa.testCases.HomePageTest.verifyHomePageLinks(HomePageTest.java:48)
... Removed 28 stack frames]]>
    </failure>
  </testcase> <!-- verifyHomePageLinks -->
</testsuite> <!-- PHP Travels Automation - Regression Test -->
