<?xml version="1.0" encoding="UTF-8"?>
<!-- Generated by org.testng.reporters.JUnitXMLReporter -->
<testsuite hostname="Sankaranarayanans-MacBook-Pro.local" name="PHP Travels Automation Functional Test" tests="14" failures="2" timestamp="7 Nov 2019 18:00:25 GMT" time="802.728" errors="0">
  <testcase name="verifyHomePageLinks" time="427.281" classname="com.phptravels.qa.testCases.HomePageTest">
    <failure type="java.lang.AssertionError" message="Some of the links in Home Page are not working expected [0] but found [5]">
      <![CDATA[java.lang.AssertionError: Some of the links in Home Page are not working expected [0] but found [5]
	at com.phptravels.qa.testCases.HomePageTest.verifyHomePageLinks(HomePageTest.java:48)
... Removed 28 stack frames]]>
    </failure>
  </testcase> <!-- verifyHomePageLinks -->
  <testcase name="verifyHomePageTitle" time="0.007" classname="com.phptravels.qa.testCases.HomePageTest"/>
  <testcase name="verifyHomePageTitle" time="0.008" classname="com.phptravels.qa.testCases.HomePageTest"/>
  <testcase name="verifyHomePageLogoDisplayed" time="0.002" classname="com.phptravels.qa.testCases.HomePageTest">
    <failure type="java.lang.AssertionError" message="expected [true] but found [false]">
      <![CDATA[java.lang.AssertionError: expected [true] but found [false]
	at com.phptravels.qa.testCases.HomePageTest.verifyHomePageLogoDisplayed(HomePageTest.java:70)
... Removed 28 stack frames]]>
    </failure>
  </testcase> <!-- verifyHomePageLogoDisplayed -->
  <testcase name="verifyLoginLink" time="4.147" classname="com.phptravels.qa.testCases.HomePageTest"/>
  <testcase name="verifySignUpLink" time="3.497" classname="com.phptravels.qa.testCases.HomePageTest"/>
  <testcase name="verifySearchHotelTest" time="11.843" classname="com.phptravels.qa.testCases.HomePageTest"/>
  <testcase name="verifyLoginPageTitle" time="0.009" classname="com.phptravels.qa.testCases.LoginPageTest"/>
  <testcase name="verifyLoginPageTitle" time="0.008" classname="com.phptravels.qa.testCases.LoginPageTest"/>
  <testcase name="verifyLoginWithoutRemeberMe" time="0.291" classname="com.phptravels.qa.testCases.LoginPageTest"/>
  <testcase name="verifyLoginWithoutRemeberMe" time="0.285" classname="com.phptravels.qa.testCases.LoginPageTest"/>
  <testcase name="verifyLoginWithRemeberMe" time="0.365" classname="com.phptravels.qa.testCases.LoginPageTest"/>
  <testcase name="verifyLoginWithRemeberMe" time="0.694" classname="com.phptravels.qa.testCases.LoginPageTest"/>
  <testcase name="verifyLoginWithRemeberMe" time="0.39" classname="com.phptravels.qa.testCases.LoginPageTest"/>
</testsuite> <!-- PHP Travels Automation Functional Test -->
