<?xml version="1.0" encoding="UTF-8"?>
<testng-results skipped="0" failed="3" total="15" passed="12">
  <reporter-output>
    <line>
      <![CDATA[Clicking on my account link]]>
    </line>
    <line>
      <![CDATA[clicking on login link under my account]]>
    </line>
    <line>
      <![CDATA[Clicking on my account link]]>
    </line>
    <line>
      <![CDATA[clicking on login link under my account]]>
    </line>
    <line>
      <![CDATA[Clicking on my account link]]>
    </line>
    <line>
      <![CDATA[clicking on login link under my account]]>
    </line>
    <line>
      <![CDATA[Clicking on my account link]]>
    </line>
    <line>
      <![CDATA[clicking on login link under my account]]>
    </line>
    <line>
      <![CDATA[Clicking on my account link]]>
    </line>
    <line>
      <![CDATA[clicking on login link under my account]]>
    </line>
    <line>
      <![CDATA[click on Remeber Me checbox before signing-in]]>
    </line>
    <line>
      <![CDATA[Clicking on my account link]]>
    </line>
    <line>
      <![CDATA[clicking on login link under my account]]>
    </line>
    <line>
      <![CDATA[click on Remeber Me checbox before signing-in]]>
    </line>
    <line>
      <![CDATA[Clicking on my account link]]>
    </line>
    <line>
      <![CDATA[clicking on login link under my account]]>
    </line>
    <line>
      <![CDATA[click on Remeber Me checbox before signing-in]]>
    </line>
  </reporter-output>
  <suite name="PHP Travels Automation Test Suite" duration-ms="1069915" started-at="2019-11-07T17:47:02Z" finished-at="2019-11-07T18:04:52Z">
    <groups>
      <group name="regression">
        <method signature="LoginPageTest.verifyLoginPageTitle()[pri:0, instance:com.phptravels.qa.testCases.LoginPageTest@4501b7af]" name="verifyLoginPageTitle" class="com.phptravels.qa.testCases.LoginPageTest"/>
      </group> <!-- regression -->
    </groups>
    <test name="PHP Travels Automation Functional Test" duration-ms="802728" started-at="2019-11-07T17:47:02Z" finished-at="2019-11-07T18:00:25Z">
      <class name="com.phptravels.qa.testCases.LoginPageTest">
        <test-method status="PASS" signature="setUp(java.lang.reflect.Method)[pri:0, instance:com.phptravels.qa.testCases.LoginPageTest@4501b7af]" name="setUp" is-config="true" duration-ms="21079" started-at="2019-11-07T09:57:30Z" finished-at="2019-11-07T09:57:51Z">
          <params>
            <param index="0">
              <value>
                <![CDATA[public void com.phptravels.qa.testCases.LoginPageTest.verifyLoginPageTitle()]]>
              </value>
            </param>
          </params>
          <reporter-output>
            <line>
              <![CDATA[Clicking on my account link]]>
            </line>
            <line>
              <![CDATA[clicking on login link under my account]]>
            </line>
          </reporter-output>
        </test-method> <!-- setUp -->
        <test-method status="PASS" signature="verifyLoginPageTitle()[pri:0, instance:com.phptravels.qa.testCases.LoginPageTest@4501b7af]" name="verifyLoginPageTitle" duration-ms="9" started-at="2019-11-07T09:57:51Z" finished-at="2019-11-07T09:57:51Z">
          <reporter-output>
          </reporter-output>
        </test-method> <!-- verifyLoginPageTitle -->
        <test-method status="PASS" signature="afterMethod()[pri:0, instance:com.phptravels.qa.testCases.LoginPageTest@4501b7af]" name="afterMethod" is-config="true" duration-ms="115" started-at="2019-11-07T09:57:51Z" finished-at="2019-11-07T09:57:52Z">
          <reporter-output>
          </reporter-output>
        </test-method> <!-- afterMethod -->
        <test-method status="PASS" signature="setUp(java.lang.reflect.Method)[pri:0, instance:com.phptravels.qa.testCases.LoginPageTest@4501b7af]" name="setUp" is-config="true" duration-ms="21290" started-at="2019-11-07T09:57:52Z" finished-at="2019-11-07T09:58:13Z">
          <params>
            <param index="0">
              <value>
                <![CDATA[public void com.phptravels.qa.testCases.LoginPageTest.verifyLoginPageTitle()]]>
              </value>
            </param>
          </params>
          <reporter-output>
            <line>
              <![CDATA[Clicking on my account link]]>
            </line>
            <line>
              <![CDATA[clicking on login link under my account]]>
            </line>
          </reporter-output>
        </test-method> <!-- setUp -->
        <test-method status="PASS" signature="verifyLoginPageTitle()[pri:0, instance:com.phptravels.qa.testCases.LoginPageTest@4501b7af]" name="verifyLoginPageTitle" duration-ms="8" started-at="2019-11-07T09:58:13Z" finished-at="2019-11-07T09:58:13Z">
          <reporter-output>
          </reporter-output>
        </test-method> <!-- verifyLoginPageTitle -->
        <test-method status="PASS" signature="afterMethod()[pri:0, instance:com.phptravels.qa.testCases.LoginPageTest@4501b7af]" name="afterMethod" is-config="true" duration-ms="112" started-at="2019-11-07T09:58:13Z" finished-at="2019-11-07T09:58:13Z">
          <reporter-output>
          </reporter-output>
        </test-method> <!-- afterMethod -->
        <test-method status="PASS" signature="setUp(java.lang.reflect.Method)[pri:0, instance:com.phptravels.qa.testCases.LoginPageTest@4501b7af]" name="setUp" is-config="true" duration-ms="19716" started-at="2019-11-07T09:58:13Z" finished-at="2019-11-07T09:58:33Z">
          <params>
            <param index="0">
              <value>
                <![CDATA[public void com.phptravels.qa.testCases.LoginPageTest.verifyLoginWithoutRemeberMe(java.lang.String,java.lang.String)]]>
              </value>
            </param>
          </params>
          <reporter-output>
            <line>
              <![CDATA[Clicking on my account link]]>
            </line>
            <line>
              <![CDATA[clicking on login link under my account]]>
            </line>
          </reporter-output>
        </test-method> <!-- setUp -->
        <test-method status="PASS" signature="verifyLoginWithoutRemeberMe(java.lang.String, java.lang.String)[pri:0, instance:com.phptravels.qa.testCases.LoginPageTest@4501b7af]" name="verifyLoginWithoutRemeberMe" duration-ms="291" started-at="2019-11-07T09:58:33Z" data-provider="getLoginDataUsingDataProviderMethod" finished-at="2019-11-07T09:58:33Z">
          <params>
            <param index="0">
              <value>
                <![CDATA[user@phptravels.com]]>
              </value>
            </param>
            <param index="1">
              <value>
                <![CDATA[demouser]]>
              </value>
            </param>
          </params>
          <reporter-output>
          </reporter-output>
        </test-method> <!-- verifyLoginWithoutRemeberMe -->
        <test-method status="PASS" signature="afterMethod()[pri:0, instance:com.phptravels.qa.testCases.LoginPageTest@4501b7af]" name="afterMethod" is-config="true" duration-ms="96" started-at="2019-11-07T09:58:33Z" finished-at="2019-11-07T09:58:33Z">
          <reporter-output>
          </reporter-output>
        </test-method> <!-- afterMethod -->
        <test-method status="PASS" signature="setUp(java.lang.reflect.Method)[pri:0, instance:com.phptravels.qa.testCases.LoginPageTest@4501b7af]" name="setUp" is-config="true" duration-ms="18458" started-at="2019-11-07T09:58:33Z" finished-at="2019-11-07T09:58:52Z">
          <params>
            <param index="0">
              <value>
                <![CDATA[public void com.phptravels.qa.testCases.LoginPageTest.verifyLoginWithoutRemeberMe(java.lang.String,java.lang.String)]]>
              </value>
            </param>
          </params>
          <reporter-output>
            <line>
              <![CDATA[Clicking on my account link]]>
            </line>
            <line>
              <![CDATA[clicking on login link under my account]]>
            </line>
          </reporter-output>
        </test-method> <!-- setUp -->
        <test-method status="PASS" signature="verifyLoginWithoutRemeberMe(java.lang.String, java.lang.String)[pri:0, instance:com.phptravels.qa.testCases.LoginPageTest@4501b7af]" name="verifyLoginWithoutRemeberMe" duration-ms="285" started-at="2019-11-07T09:58:52Z" data-provider="getLoginDataUsingDataProviderMethod" finished-at="2019-11-07T09:58:52Z">
          <params>
            <param index="0">
              <value>
                <![CDATA[invaliduser@phptravels.com]]>
              </value>
            </param>
            <param index="1">
              <value>
                <![CDATA[demouser]]>
              </value>
            </param>
          </params>
          <reporter-output>
          </reporter-output>
        </test-method> <!-- verifyLoginWithoutRemeberMe -->
        <test-method status="PASS" signature="afterMethod()[pri:0, instance:com.phptravels.qa.testCases.LoginPageTest@4501b7af]" name="afterMethod" is-config="true" duration-ms="100" started-at="2019-11-07T09:58:52Z" finished-at="2019-11-07T09:58:52Z">
          <reporter-output>
          </reporter-output>
        </test-method> <!-- afterMethod -->
        <test-method status="PASS" signature="setUp(java.lang.reflect.Method)[pri:0, instance:com.phptravels.qa.testCases.LoginPageTest@4501b7af]" name="setUp" is-config="true" duration-ms="24913" started-at="2019-11-07T09:58:53Z" finished-at="2019-11-07T09:59:17Z">
          <params>
            <param index="0">
              <value>
                <![CDATA[public void com.phptravels.qa.testCases.LoginPageTest.verifyLoginWithRemeberMe(java.lang.String,java.lang.String)]]>
              </value>
            </param>
          </params>
          <reporter-output>
            <line>
              <![CDATA[Clicking on my account link]]>
            </line>
            <line>
              <![CDATA[clicking on login link under my account]]>
            </line>
          </reporter-output>
        </test-method> <!-- setUp -->
        <test-method status="PASS" signature="verifyLoginWithRemeberMe(java.lang.String, java.lang.String)[pri:0, instance:com.phptravels.qa.testCases.LoginPageTest@4501b7af]" name="verifyLoginWithRemeberMe" duration-ms="365" started-at="2019-11-07T09:59:17Z" data-provider="getLoginDataFromExcelFile" finished-at="2019-11-07T09:59:18Z">
          <params>
            <param index="0">
              <value>
                <![CDATA[user@phptravels.com]]>
              </value>
            </param>
            <param index="1">
              <value>
                <![CDATA[demouser]]>
              </value>
            </param>
          </params>
          <reporter-output>
            <line>
              <![CDATA[click on Remeber Me checbox before signing-in]]>
            </line>
          </reporter-output>
        </test-method> <!-- verifyLoginWithRemeberMe -->
        <test-method status="PASS" signature="afterMethod()[pri:0, instance:com.phptravels.qa.testCases.LoginPageTest@4501b7af]" name="afterMethod" is-config="true" duration-ms="126" started-at="2019-11-07T09:59:18Z" finished-at="2019-11-07T09:59:18Z">
          <reporter-output>
          </reporter-output>
        </test-method> <!-- afterMethod -->
        <test-method status="PASS" signature="setUp(java.lang.reflect.Method)[pri:0, instance:com.phptravels.qa.testCases.LoginPageTest@4501b7af]" name="setUp" is-config="true" duration-ms="32829" started-at="2019-11-07T09:59:18Z" finished-at="2019-11-07T09:59:51Z">
          <params>
            <param index="0">
              <value>
                <![CDATA[public void com.phptravels.qa.testCases.LoginPageTest.verifyLoginWithRemeberMe(java.lang.String,java.lang.String)]]>
              </value>
            </param>
          </params>
          <reporter-output>
            <line>
              <![CDATA[Clicking on my account link]]>
            </line>
            <line>
              <![CDATA[clicking on login link under my account]]>
            </line>
          </reporter-output>
        </test-method> <!-- setUp -->
        <test-method status="PASS" signature="verifyLoginWithRemeberMe(java.lang.String, java.lang.String)[pri:0, instance:com.phptravels.qa.testCases.LoginPageTest@4501b7af]" name="verifyLoginWithRemeberMe" duration-ms="694" started-at="2019-11-07T09:59:51Z" data-provider="getLoginDataFromExcelFile" finished-at="2019-11-07T09:59:51Z">
          <params>
            <param index="0">
              <value>
                <![CDATA[invalidUser]]>
              </value>
            </param>
            <param index="1">
              <value>
                <![CDATA[demouser]]>
              </value>
            </param>
          </params>
          <reporter-output>
            <line>
              <![CDATA[click on Remeber Me checbox before signing-in]]>
            </line>
          </reporter-output>
        </test-method> <!-- verifyLoginWithRemeberMe -->
        <test-method status="PASS" signature="afterMethod()[pri:0, instance:com.phptravels.qa.testCases.LoginPageTest@4501b7af]" name="afterMethod" is-config="true" duration-ms="115" started-at="2019-11-07T09:59:51Z" finished-at="2019-11-07T09:59:52Z">
          <reporter-output>
          </reporter-output>
        </test-method> <!-- afterMethod -->
        <test-method status="PASS" signature="setUp(java.lang.reflect.Method)[pri:0, instance:com.phptravels.qa.testCases.LoginPageTest@4501b7af]" name="setUp" is-config="true" duration-ms="33091" started-at="2019-11-07T09:59:52Z" finished-at="2019-11-07T10:00:25Z">
          <params>
            <param index="0">
              <value>
                <![CDATA[public void com.phptravels.qa.testCases.LoginPageTest.verifyLoginWithRemeberMe(java.lang.String,java.lang.String)]]>
              </value>
            </param>
          </params>
          <reporter-output>
            <line>
              <![CDATA[Clicking on my account link]]>
            </line>
            <line>
              <![CDATA[clicking on login link under my account]]>
            </line>
          </reporter-output>
        </test-method> <!-- setUp -->
        <test-method status="PASS" signature="verifyLoginWithRemeberMe(java.lang.String, java.lang.String)[pri:0, instance:com.phptravels.qa.testCases.LoginPageTest@4501b7af]" name="verifyLoginWithRemeberMe" duration-ms="390" started-at="2019-11-07T10:00:25Z" data-provider="getLoginDataFromExcelFile" finished-at="2019-11-07T10:00:25Z">
          <params>
            <param index="0">
              <value>
                <![CDATA[user@phptravels.com]]>
              </value>
            </param>
            <param index="1">
              <value>
                <![CDATA[demouser1]]>
              </value>
            </param>
          </params>
          <reporter-output>
            <line>
              <![CDATA[click on Remeber Me checbox before signing-in]]>
            </line>
          </reporter-output>
        </test-method> <!-- verifyLoginWithRemeberMe -->
        <test-method status="PASS" signature="afterMethod()[pri:0, instance:com.phptravels.qa.testCases.LoginPageTest@4501b7af]" name="afterMethod" is-config="true" duration-ms="101" started-at="2019-11-07T10:00:25Z" finished-at="2019-11-07T10:00:25Z">
          <reporter-output>
          </reporter-output>
        </test-method> <!-- afterMethod -->
      </class> <!-- com.phptravels.qa.testCases.LoginPageTest -->
      <class name="com.phptravels.qa.testCases.HomePageTest">
        <test-method status="PASS" signature="setUp(java.lang.reflect.Method)[pri:0, instance:com.phptravels.qa.testCases.HomePageTest@66a3ffec]" name="setUp" is-config="true" duration-ms="51996" started-at="2019-11-07T09:47:02Z" description="Before Method Setup" finished-at="2019-11-07T09:47:54Z">
          <params>
            <param index="0">
              <value>
                <![CDATA[public void com.phptravels.qa.testCases.HomePageTest.verifyHomePageLinks()]]>
              </value>
            </param>
          </params>
          <reporter-output>
          </reporter-output>
        </test-method> <!-- setUp -->
        <test-method status="FAIL" signature="verifyHomePageLinks()[pri:0, instance:com.phptravels.qa.testCases.HomePageTest@66a3ffec]" name="verifyHomePageLinks" duration-ms="427281" started-at="2019-11-07T09:47:54Z" finished-at="2019-11-07T09:55:02Z">
          <exception class="java.lang.AssertionError">
            <message>
              <![CDATA[Some of the links in Home Page are not working expected [0] but found [5]]]>
            </message>
            <full-stacktrace>
              <![CDATA[java.lang.AssertionError: Some of the links in Home Page are not working expected [0] but found [5]
	at org.testng.Assert.fail(Assert.java:94)
	at org.testng.Assert.failNotEquals(Assert.java:494)
	at org.testng.Assert.assertEquals(Assert.java:123)
	at org.testng.Assert.assertEquals(Assert.java:370)
	at com.phptravels.qa.testCases.HomePageTest.verifyHomePageLinks(HomePageTest.java:48)
	at sun.reflect.NativeMethodAccessorImpl.invoke0(Native Method)
	at sun.reflect.NativeMethodAccessorImpl.invoke(NativeMethodAccessorImpl.java:62)
	at sun.reflect.DelegatingMethodAccessorImpl.invoke(DelegatingMethodAccessorImpl.java:43)
	at java.lang.reflect.Method.invoke(Method.java:498)
	at org.testng.internal.MethodInvocationHelper.invokeMethod(MethodInvocationHelper.java:80)
	at org.testng.internal.Invoker.invokeMethod(Invoker.java:714)
	at org.testng.internal.Invoker.invokeTestMethod(Invoker.java:901)
	at org.testng.internal.Invoker.invokeTestMethods(Invoker.java:1231)
	at org.testng.internal.TestMethodWorker.invokeTestMethods(TestMethodWorker.java:127)
	at org.testng.internal.TestMethodWorker.run(TestMethodWorker.java:111)
	at org.testng.TestRunner.privateRun(TestRunner.java:767)
	at org.testng.TestRunner.run(TestRunner.java:617)
	at org.testng.SuiteRunner.runTest(SuiteRunner.java:334)
	at org.testng.SuiteRunner.runSequentially(SuiteRunner.java:329)
	at org.testng.SuiteRunner.privateRun(SuiteRunner.java:291)
	at org.testng.SuiteRunner.run(SuiteRunner.java:240)
	at org.testng.SuiteRunnerWorker.runSuite(SuiteRunnerWorker.java:52)
	at org.testng.SuiteRunnerWorker.run(SuiteRunnerWorker.java:86)
	at org.testng.TestNG.runSuitesSequentially(TestNG.java:1198)
	at org.testng.TestNG.runSuitesLocally(TestNG.java:1123)
	at org.testng.TestNG.run(TestNG.java:1031)
	at org.testng.remote.AbstractRemoteTestNG.run(AbstractRemoteTestNG.java:114)
	at org.testng.remote.RemoteTestNG.initAndRun(RemoteTestNG.java:251)
	at org.testng.remote.RemoteTestNG.main(RemoteTestNG.java:77)
]]>
            </full-stacktrace>
          </exception> <!-- java.lang.AssertionError -->
          <reporter-output>
          </reporter-output>
        </test-method> <!-- verifyHomePageLinks -->
        <test-method status="PASS" signature="afterMethod()[pri:0, instance:com.phptravels.qa.testCases.HomePageTest@66a3ffec]" name="afterMethod" is-config="true" duration-ms="141" started-at="2019-11-07T09:55:03Z" finished-at="2019-11-07T09:55:03Z">
          <reporter-output>
          </reporter-output>
        </test-method> <!-- afterMethod -->
        <test-method status="PASS" signature="setUp(java.lang.reflect.Method)[pri:0, instance:com.phptravels.qa.testCases.HomePageTest@66a3ffec]" name="setUp" is-config="true" duration-ms="22209" started-at="2019-11-07T09:55:03Z" description="Before Method Setup" finished-at="2019-11-07T09:55:25Z">
          <params>
            <param index="0">
              <value>
                <![CDATA[public void com.phptravels.qa.testCases.HomePageTest.verifyHomePageTitle()]]>
              </value>
            </param>
          </params>
          <reporter-output>
          </reporter-output>
        </test-method> <!-- setUp -->
        <test-method status="PASS" signature="verifyHomePageTitle()[pri:0, instance:com.phptravels.qa.testCases.HomePageTest@66a3ffec]" name="verifyHomePageTitle" duration-ms="7" started-at="2019-11-07T09:55:25Z" finished-at="2019-11-07T09:55:25Z">
          <reporter-output>
          </reporter-output>
        </test-method> <!-- verifyHomePageTitle -->
        <test-method status="PASS" signature="afterMethod()[pri:0, instance:com.phptravels.qa.testCases.HomePageTest@66a3ffec]" name="afterMethod" is-config="true" duration-ms="110" started-at="2019-11-07T09:55:25Z" finished-at="2019-11-07T09:55:26Z">
          <reporter-output>
          </reporter-output>
        </test-method> <!-- afterMethod -->
        <test-method status="PASS" signature="setUp(java.lang.reflect.Method)[pri:0, instance:com.phptravels.qa.testCases.HomePageTest@66a3ffec]" name="setUp" is-config="true" duration-ms="25815" started-at="2019-11-07T09:55:26Z" description="Before Method Setup" finished-at="2019-11-07T09:55:51Z">
          <params>
            <param index="0">
              <value>
                <![CDATA[public void com.phptravels.qa.testCases.HomePageTest.verifyHomePageTitle()]]>
              </value>
            </param>
          </params>
          <reporter-output>
          </reporter-output>
        </test-method> <!-- setUp -->
        <test-method status="PASS" signature="verifyHomePageTitle()[pri:0, instance:com.phptravels.qa.testCases.HomePageTest@66a3ffec]" name="verifyHomePageTitle" duration-ms="8" started-at="2019-11-07T09:55:51Z" finished-at="2019-11-07T09:55:51Z">
          <reporter-output>
          </reporter-output>
        </test-method> <!-- verifyHomePageTitle -->
        <test-method status="PASS" signature="afterMethod()[pri:0, instance:com.phptravels.qa.testCases.HomePageTest@66a3ffec]" name="afterMethod" is-config="true" duration-ms="121" started-at="2019-11-07T09:55:51Z" finished-at="2019-11-07T09:55:52Z">
          <reporter-output>
          </reporter-output>
        </test-method> <!-- afterMethod -->
        <test-method status="PASS" signature="setUp(java.lang.reflect.Method)[pri:0, instance:com.phptravels.qa.testCases.HomePageTest@66a3ffec]" name="setUp" is-config="true" duration-ms="25359" started-at="2019-11-07T09:55:52Z" description="Before Method Setup" finished-at="2019-11-07T09:56:17Z">
          <params>
            <param index="0">
              <value>
                <![CDATA[public void com.phptravels.qa.testCases.HomePageTest.verifyHomePageLogoDisplayed()]]>
              </value>
            </param>
          </params>
          <reporter-output>
          </reporter-output>
        </test-method> <!-- setUp -->
        <test-method status="FAIL" signature="verifyHomePageLogoDisplayed()[pri:0, instance:com.phptravels.qa.testCases.HomePageTest@66a3ffec]" name="verifyHomePageLogoDisplayed" duration-ms="2" started-at="2019-11-07T09:56:17Z" finished-at="2019-11-07T09:56:17Z">
          <exception class="java.lang.AssertionError">
            <message>
              <![CDATA[expected [true] but found [false]]]>
            </message>
            <full-stacktrace>
              <![CDATA[java.lang.AssertionError: expected [true] but found [false]
	at org.testng.Assert.fail(Assert.java:94)
	at org.testng.Assert.failNotEquals(Assert.java:494)
	at org.testng.Assert.assertTrue(Assert.java:42)
	at org.testng.Assert.assertTrue(Assert.java:52)
	at com.phptravels.qa.testCases.HomePageTest.verifyHomePageLogoDisplayed(HomePageTest.java:70)
	at sun.reflect.NativeMethodAccessorImpl.invoke0(Native Method)
	at sun.reflect.NativeMethodAccessorImpl.invoke(NativeMethodAccessorImpl.java:62)
	at sun.reflect.DelegatingMethodAccessorImpl.invoke(DelegatingMethodAccessorImpl.java:43)
	at java.lang.reflect.Method.invoke(Method.java:498)
	at org.testng.internal.MethodInvocationHelper.invokeMethod(MethodInvocationHelper.java:80)
	at org.testng.internal.Invoker.invokeMethod(Invoker.java:714)
	at org.testng.internal.Invoker.invokeTestMethod(Invoker.java:901)
	at org.testng.internal.Invoker.invokeTestMethods(Invoker.java:1231)
	at org.testng.internal.TestMethodWorker.invokeTestMethods(TestMethodWorker.java:127)
	at org.testng.internal.TestMethodWorker.run(TestMethodWorker.java:111)
	at org.testng.TestRunner.privateRun(TestRunner.java:767)
	at org.testng.TestRunner.run(TestRunner.java:617)
	at org.testng.SuiteRunner.runTest(SuiteRunner.java:334)
	at org.testng.SuiteRunner.runSequentially(SuiteRunner.java:329)
	at org.testng.SuiteRunner.privateRun(SuiteRunner.java:291)
	at org.testng.SuiteRunner.run(SuiteRunner.java:240)
	at org.testng.SuiteRunnerWorker.runSuite(SuiteRunnerWorker.java:52)
	at org.testng.SuiteRunnerWorker.run(SuiteRunnerWorker.java:86)
	at org.testng.TestNG.runSuitesSequentially(TestNG.java:1198)
	at org.testng.TestNG.runSuitesLocally(TestNG.java:1123)
	at org.testng.TestNG.run(TestNG.java:1031)
	at org.testng.remote.AbstractRemoteTestNG.run(AbstractRemoteTestNG.java:114)
	at org.testng.remote.RemoteTestNG.initAndRun(RemoteTestNG.java:251)
	at org.testng.remote.RemoteTestNG.main(RemoteTestNG.java:77)
]]>
            </full-stacktrace>
          </exception> <!-- java.lang.AssertionError -->
          <reporter-output>
          </reporter-output>
        </test-method> <!-- verifyHomePageLogoDisplayed -->
        <test-method status="PASS" signature="afterMethod()[pri:0, instance:com.phptravels.qa.testCases.HomePageTest@66a3ffec]" name="afterMethod" is-config="true" duration-ms="97" started-at="2019-11-07T09:56:18Z" finished-at="2019-11-07T09:56:18Z">
          <reporter-output>
          </reporter-output>
        </test-method> <!-- afterMethod -->
        <test-method status="PASS" signature="setUp(java.lang.reflect.Method)[pri:0, instance:com.phptravels.qa.testCases.HomePageTest@66a3ffec]" name="setUp" is-config="true" duration-ms="20124" started-at="2019-11-07T09:56:18Z" description="Before Method Setup" finished-at="2019-11-07T09:56:39Z">
          <params>
            <param index="0">
              <value>
                <![CDATA[public void com.phptravels.qa.testCases.HomePageTest.verifyLoginLink()]]>
              </value>
            </param>
          </params>
          <reporter-output>
          </reporter-output>
        </test-method> <!-- setUp -->
        <test-method status="PASS" signature="verifyLoginLink()[pri:0, instance:com.phptravels.qa.testCases.HomePageTest@66a3ffec]" name="verifyLoginLink" duration-ms="4147" started-at="2019-11-07T09:56:39Z" finished-at="2019-11-07T09:56:43Z">
          <reporter-output>
          </reporter-output>
        </test-method> <!-- verifyLoginLink -->
        <test-method status="PASS" signature="afterMethod()[pri:0, instance:com.phptravels.qa.testCases.HomePageTest@66a3ffec]" name="afterMethod" is-config="true" duration-ms="101" started-at="2019-11-07T09:56:43Z" finished-at="2019-11-07T09:56:43Z">
          <reporter-output>
          </reporter-output>
        </test-method> <!-- afterMethod -->
        <test-method status="PASS" signature="setUp(java.lang.reflect.Method)[pri:0, instance:com.phptravels.qa.testCases.HomePageTest@66a3ffec]" name="setUp" is-config="true" duration-ms="15981" started-at="2019-11-07T09:56:43Z" description="Before Method Setup" finished-at="2019-11-07T09:56:59Z">
          <params>
            <param index="0">
              <value>
                <![CDATA[public void com.phptravels.qa.testCases.HomePageTest.verifySignUpLink()]]>
              </value>
            </param>
          </params>
          <reporter-output>
          </reporter-output>
        </test-method> <!-- setUp -->
        <test-method status="PASS" signature="verifySignUpLink()[pri:0, instance:com.phptravels.qa.testCases.HomePageTest@66a3ffec]" name="verifySignUpLink" duration-ms="3497" started-at="2019-11-07T09:56:59Z" finished-at="2019-11-07T09:57:02Z">
          <reporter-output>
          </reporter-output>
        </test-method> <!-- verifySignUpLink -->
        <test-method status="PASS" signature="afterMethod()[pri:0, instance:com.phptravels.qa.testCases.HomePageTest@66a3ffec]" name="afterMethod" is-config="true" duration-ms="113" started-at="2019-11-07T09:57:02Z" finished-at="2019-11-07T09:57:02Z">
          <reporter-output>
          </reporter-output>
        </test-method> <!-- afterMethod -->
        <test-method status="PASS" signature="setUp(java.lang.reflect.Method)[pri:0, instance:com.phptravels.qa.testCases.HomePageTest@66a3ffec]" name="setUp" is-config="true" duration-ms="16020" started-at="2019-11-07T09:57:02Z" description="Before Method Setup" finished-at="2019-11-07T09:57:18Z">
          <params>
            <param index="0">
              <value>
                <![CDATA[public void com.phptravels.qa.testCases.HomePageTest.verifySearchHotelTest()]]>
              </value>
            </param>
          </params>
          <reporter-output>
          </reporter-output>
        </test-method> <!-- setUp -->
        <test-method status="PASS" signature="verifySearchHotelTest()[pri:0, instance:com.phptravels.qa.testCases.HomePageTest@66a3ffec]" name="verifySearchHotelTest" duration-ms="11843" started-at="2019-11-07T09:57:18Z" finished-at="2019-11-07T09:57:30Z">
          <reporter-output>
          </reporter-output>
        </test-method> <!-- verifySearchHotelTest -->
        <test-method status="PASS" signature="afterMethod()[pri:0, instance:com.phptravels.qa.testCases.HomePageTest@66a3ffec]" name="afterMethod" is-config="true" duration-ms="113" started-at="2019-11-07T09:57:30Z" finished-at="2019-11-07T09:57:30Z">
          <reporter-output>
          </reporter-output>
        </test-method> <!-- afterMethod -->
      </class> <!-- com.phptravels.qa.testCases.HomePageTest -->
    </test> <!-- PHP Travels Automation Functional Test -->
    <test name="PHP Travels Automation - Regression Test" duration-ms="266888" started-at="2019-11-07T18:00:25Z" finished-at="2019-11-07T18:04:52Z">
      <class name="com.phptravels.qa.testCases.HomePageTest">
        <test-method status="PASS" signature="setUp(java.lang.reflect.Method)[pri:0, instance:com.phptravels.qa.testCases.HomePageTest@57fffcd7]" name="setUp" is-config="true" duration-ms="15615" started-at="2019-11-07T10:00:25Z" description="Before Method Setup" finished-at="2019-11-07T10:00:41Z">
          <params>
            <param index="0">
              <value>
                <![CDATA[public void com.phptravels.qa.testCases.HomePageTest.verifyHomePageLinks()]]>
              </value>
            </param>
          </params>
          <reporter-output>
          </reporter-output>
        </test-method> <!-- setUp -->
        <test-method status="FAIL" signature="verifyHomePageLinks()[pri:0, instance:com.phptravels.qa.testCases.HomePageTest@57fffcd7]" name="verifyHomePageLinks" duration-ms="250034" started-at="2019-11-07T10:00:41Z" finished-at="2019-11-07T10:04:51Z">
          <exception class="java.lang.AssertionError">
            <message>
              <![CDATA[Some of the links in Home Page are not working expected [0] but found [4]]]>
            </message>
            <full-stacktrace>
              <![CDATA[java.lang.AssertionError: Some of the links in Home Page are not working expected [0] but found [4]
	at org.testng.Assert.fail(Assert.java:94)
	at org.testng.Assert.failNotEquals(Assert.java:494)
	at org.testng.Assert.assertEquals(Assert.java:123)
	at org.testng.Assert.assertEquals(Assert.java:370)
	at com.phptravels.qa.testCases.HomePageTest.verifyHomePageLinks(HomePageTest.java:48)
	at sun.reflect.NativeMethodAccessorImpl.invoke0(Native Method)
	at sun.reflect.NativeMethodAccessorImpl.invoke(NativeMethodAccessorImpl.java:62)
	at sun.reflect.DelegatingMethodAccessorImpl.invoke(DelegatingMethodAccessorImpl.java:43)
	at java.lang.reflect.Method.invoke(Method.java:498)
	at org.testng.internal.MethodInvocationHelper.invokeMethod(MethodInvocationHelper.java:80)
	at org.testng.internal.Invoker.invokeMethod(Invoker.java:714)
	at org.testng.internal.Invoker.invokeTestMethod(Invoker.java:901)
	at org.testng.internal.Invoker.invokeTestMethods(Invoker.java:1231)
	at org.testng.internal.TestMethodWorker.invokeTestMethods(TestMethodWorker.java:127)
	at org.testng.internal.TestMethodWorker.run(TestMethodWorker.java:111)
	at org.testng.TestRunner.privateRun(TestRunner.java:767)
	at org.testng.TestRunner.run(TestRunner.java:617)
	at org.testng.SuiteRunner.runTest(SuiteRunner.java:334)
	at org.testng.SuiteRunner.runSequentially(SuiteRunner.java:329)
	at org.testng.SuiteRunner.privateRun(SuiteRunner.java:291)
	at org.testng.SuiteRunner.run(SuiteRunner.java:240)
	at org.testng.SuiteRunnerWorker.runSuite(SuiteRunnerWorker.java:52)
	at org.testng.SuiteRunnerWorker.run(SuiteRunnerWorker.java:86)
	at org.testng.TestNG.runSuitesSequentially(TestNG.java:1198)
	at org.testng.TestNG.runSuitesLocally(TestNG.java:1123)
	at org.testng.TestNG.run(TestNG.java:1031)
	at org.testng.remote.AbstractRemoteTestNG.run(AbstractRemoteTestNG.java:114)
	at org.testng.remote.RemoteTestNG.initAndRun(RemoteTestNG.java:251)
	at org.testng.remote.RemoteTestNG.main(RemoteTestNG.java:77)
]]>
            </full-stacktrace>
          </exception> <!-- java.lang.AssertionError -->
          <reporter-output>
          </reporter-output>
        </test-method> <!-- verifyHomePageLinks -->
        <test-method status="PASS" signature="afterMethod()[pri:0, instance:com.phptravels.qa.testCases.HomePageTest@57fffcd7]" name="afterMethod" is-config="true" duration-ms="116" started-at="2019-11-07T10:04:52Z" finished-at="2019-11-07T10:04:52Z">
          <reporter-output>
          </reporter-output>
        </test-method> <!-- afterMethod -->
      </class> <!-- com.phptravels.qa.testCases.HomePageTest -->
    </test> <!-- PHP Travels Automation - Regression Test -->
  </suite> <!-- PHP Travels Automation Test Suite -->
</testng-results>
